<?xml version="1.0" encoding="UTF-8"?>
<testsuite name="TestSuite" time="16.707" tests="1" errors="0" skipped="0" failures="0">
  <properties>
    <property name="java.vendor" value="Oracle Corporation"/>
    <property name="JOB_NAME" value="sc.com-search"/>
    <property name="sun.java.launcher" value="SUN_STANDARD"/>
    <property name="windows_tracing_logfile" value="C:\BVTBin\Tests\installpackage\csilogfile.log"/>
    <property name="NUMBER_OF_PROCESSORS" value="4"/>
    <property name="sun.management.compiler" value="HotSpot 64-Bit Tiered Compilers"/>
    <property name="JENKINS_HOME" value="C:\Users\rrootshell\.jenkins"/>
    <property name="HUDSON_SERVER_COOKIE" value="cc4ee353c8955661"/>
    <property name="POM_ARTIFACTID" value="search"/>
    <property name="os.name" value="Windows 7"/>
    <property name="sun.boot.class.path" value="C:\Program Files\Java\jdk1.8.0_45\jre\lib\resources.jar;C:\Program Files\Java\jdk1.8.0_45\jre\lib\rt.jar;C:\Program Files\Java\jdk1.8.0_45\jre\lib\sunrsasign.jar;C:\Program Files\Java\jdk1.8.0_45\jre\lib\jsse.jar;C:\Program Files\Java\jdk1.8.0_45\jre\lib\jce.jar;C:\Program Files\Java\jdk1.8.0_45\jre\lib\charsets.jar;C:\Program Files\Java\jdk1.8.0_45\jre\lib\jfr.jar;C:\Program Files\Java\jdk1.8.0_45\jre\classes"/>
    <property name="EXECUTOR_NUMBER" value="1"/>
    <property name="sun.desktop" value="windows"/>
    <property name="PATHEXT" value=".COM;.EXE;.BAT;.CMD;.VBS;.VBE;.JS;.JSE;.WSF;.WSH;.MSC"/>
    <property name="HerokuPath" value="C:\Program Files (x86)\Heroku"/>
    <property name="java.vm.specification.vendor" value="Oracle Corporation"/>
    <property name="POM_DISPLAYNAME" value="sample"/>
    <property name="NODE_LABELS" value="master"/>
    <property name="TEMP" value="C:\Users\RROOTS~1\AppData\Local\Temp"/>
    <property name="java.runtime.version" value="1.8.0_45-b15"/>
    <property name="ANT_HOME" value="C:\Program Files\apache-ant-1.9.6"/>
    <property name="user.name" value="rrootshell"/>
    <property name="PT6HOME" value="C:\Program Files (x86)\Cisco Packet Tracer 6.1sv"/>
    <property name="guice.disable.misplaced.annotation.check" value="true"/>
    <property name="CommonProgramW6432" value="C:\Program Files\Common Files"/>
    <property name="ProgramFiles" value="C:\Program Files"/>
    <property name="user.language" value="en"/>
    <property name="M2" value="C:\Program Files\apache-maven-3.3.3\bin"/>
    <property name="BUILD_DISPLAY_NAME" value="#2"/>
    <property name="sun.boot.library.path" value="C:\Program Files\Java\jdk1.8.0_45\jre\bin"/>
    <property name="LOCALAPPDATA" value="C:\Users\rrootshell\AppData\Local"/>
    <property name="java.version" value="1.8.0_45"/>
    <property name="PROCESSOR_LEVEL" value="6"/>
    <property name="user.timezone" value="Asia/Calcutta"/>
    <property name="USERNAME" value="rrootshell"/>
    <property name="sun.arch.data.model" value="64"/>
    <property name="NODE_NAME" value="master"/>
    <property name="java.endorsed.dirs" value="C:\Program Files\Java\jdk1.8.0_45\jre\lib\endorsed"/>
    <property name="BUILD_ID" value="2"/>
    <property name="sun.cpu.isalist" value="amd64"/>
    <property name="sun.jnu.encoding" value="Cp1252"/>
    <property name="file.encoding.pkg" value="sun.io"/>
    <property name="file.separator" value="\"/>
    <property name="java.specification.name" value="Java Platform API Specification"/>
    <property name="HOMEDRIVE" value="C:"/>
    <property name="PT5HOME" value="C:\Program Files (x86)\Cisco Packet Tracer 6.1sv"/>
    <property name="java.class.version" value="52.0"/>
    <property name="=::" value="::\"/>
    <property name="org.slf4j.simpleLogger.defaultLogLevel" value="info"/>
    <property name="JRE_HOME" value="C:\Program Files\Java\jre1.8.0_45"/>
    <property name="user.country" value="IN"/>
    <property name="ALLUSERSPROFILE" value="C:\ProgramData"/>
    <property name="java.home" value="C:\Program Files\Java\jdk1.8.0_45\jre"/>
    <property name="java.vm.info" value="mixed mode"/>
    <property name="os.version" value="6.1"/>
    <property name="JAVA_HOMES" value="C:\Program Files\Java\jdk1.8.0_45;"/>
    <property name="CATALINA_HOME" value="C:\Program Files\ApacheTomcat\apache-tomcat-7.0.42"/>
    <property name="POM_VERSION" value="0.0.1-SNAPSHOT"/>
    <property name="configsetroot" value="C:\Windows\ConfigSetRoot"/>
    <property name="TMP" value="C:\Users\RROOTS~1\AppData\Local\Temp"/>
    <property name="path.separator" value=";"/>
    <property name="java.vm.version" value="25.45-b02"/>
    <property name="user.variant" value=""/>
    <property name="CommonProgramFiles(x86)" value="C:\Program Files (x86)\Common Files"/>
    <property name="java.awt.printerjob" value="sun.awt.windows.WPrinterJob"/>
    <property name="GRADLE_HOME" value="C:\Program Files (x86)\gradle-2.8"/>
    <property name="FP_NO_HOST_CHECK" value="NO"/>
    <property name="JAVA_HOME" value="C:\Program Files\Java\jdk1.8.0_45"/>
    <property name="sun.io.unicode.encoding" value="UnicodeLittle"/>
    <property name="CommonProgramFiles" value="C:\Program Files\Common Files"/>
    <property name="ComSpec" value="C:\Windows\system32\cmd.exe"/>
    <property name="awt.toolkit" value="sun.awt.windows.WToolkit"/>
    <property name="HOMEPATH" value="\Users\rrootshell"/>
    <property name="POM_PACKAGING" value="jar"/>
    <property name="user.script" value=""/>
    <property name="COMPUTERNAME" value="RROOTSHELL1"/>
    <property name="POM_GROUPID" value="org.sample"/>
    <property name="user.home" value="C:\Users\rrootshell"/>
    <property name="PUBLIC" value="C:\Users\Public"/>
    <property name="BUILD_TAG" value="jenkins-sc.com-search-2"/>
    <property name="JENKINS_SERVER_COOKIE" value="cc4ee353c8955661"/>
    <property name="HUDSON_URL" value="http://localhost:8080/jenkins/"/>
    <property name="ProgramData" value="C:\ProgramData"/>
    <property name="java.specification.vendor" value="Oracle Corporation"/>
    <property name="USERPROFILE" value="C:\Users\rrootshell"/>
    <property name="CLASSPATH" value=""/>
    <property name="java.vendor.url" value="http://java.oracle.com/"/>
    <property name="java.library.path" value="C:\Program Files\Java\jdk1.8.0_45\bin;C:\Windows\Sun\Java\bin;C:\Windows\system32;C:\Windows;C:\Program Files\apache-maven-3.3.3/bin;C:\Program Files\Java\jdk1.8.0_45/bin;C:\Program Files\Java\jdk1.8.0_45/bin;C:\ProgramData\Oracle\Java\javapath;C:\Program Files\Common Files\Microsoft Shared\Windows Live;C:\Program Files (x86)\Common Files\Microsoft Shared\Windows Live;C:\Windows\system32;C:\Windows;C:\Windows\System32\Wbem;C:\Windows\System32\WindowsPowerShell\v1.0\;C:\Program Files\Intel\WiFi\bin\;C:\Program Files\Common Files\Intel\WirelessCommon\;C:\Program Files (x86)\Intel\OpenCL SDK\2.0\bin\x86;C:\Program Files (x86)\Intel\OpenCL SDK\2.0\bin\x64; C:\Program Files\ApacheTomcat\apache-tomcat-7.0.42\bin;C:\Program Files\apache-maven-3.3.3\bin;C:\Program Files\Java\jdk1.8.0_45;.;C:\Program Files (x86)\Heroku\bin;C:\Program Files (x86)\git\cmd;C:\Program Files\Java\jre1.8.0_45;C:\wamp\bin\php\php5.4.12;C:\ProgramData\Composer\bin;C:\Program Files\MySQL\MySQL Server 5.1\bin;C:\Program Files (x86)\Windows Live\Shared;C:\Program Files\Java\jdk1.6.0_45\bin;F:\work\spring\play\activator\activator-1.3.2-minimal;C:\Program Files (x86)\Skype\Phone\;C:\Program Files\apache-maven-3.3.3\bin;C:\Program Files\Java\jdk1.8.0_45\bin;C:\Program Files\apache-ant-1.9.6/bin;C:\Program Files (x86)\gradle-2.8\bin;C:\Program Files\Intel\WiFi\bin\;C:\Program Files\Common Files\Intel\WirelessCommon\;."/>
    <property name="java.vm.vendor" value="Oracle Corporation"/>
    <property name="APPDATA" value="C:\Users\rrootshell\AppData\Roaming"/>
    <property name="java.runtime.name" value="Java(TM) SE Runtime Environment"/>
    <property name="maven.home" value="C:\Program Files\apache-maven-3.3.3"/>
    <property name="java.class.path" value="C:\Users\rrootshell\.jenkins\plugins\maven-plugin\WEB-INF\lib\maven31-agent-1.5.jar;C:\Program Files\apache-maven-3.3.3\boot\plexus-classworlds-2.5.2.jar;C:\Program Files\apache-maven-3.3.3/conf/logging"/>
    <property name="sun.java.command" value="jenkins.maven3.agent.Maven31Main C:\Program Files\apache-maven-3.3.3 C:\Program Files\ApacheTomcat\apache-tomcat-7.0.42\webapps\jenkins\WEB-INF\lib\remoting-2.52.jar C:\Users\rrootshell\.jenkins\plugins\maven-plugin\WEB-INF\lib\maven31-interceptor-1.5.jar C:\Users\rrootshell\.jenkins\plugins\maven-plugin\WEB-INF\lib\maven3-interceptor-commons-1.5.jar 57496"/>
    <property name="Path" value="C:\Program Files\Java\jdk1.8.0_45/bin;C:\ProgramData\Oracle\Java\javapath;C:\Program Files\Common Files\Microsoft Shared\Windows Live;C:\Program Files (x86)\Common Files\Microsoft Shared\Windows Live;C:\Windows\system32;C:\Windows;C:\Windows\System32\Wbem;C:\Windows\System32\WindowsPowerShell\v1.0\;C:\Program Files\Intel\WiFi\bin\;C:\Program Files\Common Files\Intel\WirelessCommon\;C:\Program Files (x86)\Intel\OpenCL SDK\2.0\bin\x86;C:\Program Files (x86)\Intel\OpenCL SDK\2.0\bin\x64; C:\Program Files\ApacheTomcat\apache-tomcat-7.0.42\bin;C:\Program Files\apache-maven-3.3.3\bin;C:\Program Files\Java\jdk1.8.0_45;.;C:\Program Files (x86)\Heroku\bin;C:\Program Files (x86)\git\cmd;C:\Program Files\Java\jre1.8.0_45;C:\wamp\bin\php\php5.4.12;C:\ProgramData\Composer\bin;C:\Program Files\MySQL\MySQL Server 5.1\bin;C:\Program Files (x86)\Windows Live\Shared;C:\Program Files\Java\jdk1.6.0_45\bin;F:\work\spring\play\activator\activator-1.3.2-minimal;C:\Program Files (x86)\Skype\Phone\;C:\Program Files\apache-maven-3.3.3\bin;C:\Program Files\Java\jdk1.8.0_45\bin;C:\Program Files\apache-ant-1.9.6/bin;C:\Program Files (x86)\gradle-2.8\bin;C:\Program Files\Intel\WiFi\bin\;C:\Program Files\Common Files\Intel\WirelessCommon\"/>
    <property name="java.vm.specification.name" value="Java Virtual Machine Specification"/>
    <property name="PROCESSOR_ARCHITECTURE" value="AMD64"/>
    <property name="PATH+JDK" value="C:\Program Files\Java\jdk1.8.0_45/bin"/>
    <property name="PROCESSOR_IDENTIFIER" value="Intel64 Family 6 Model 42 Stepping 7, GenuineIntel"/>
    <property name="SESSIONNAME" value="Console"/>
    <property name="java.vm.specification.version" value="1.8"/>
    <property name="sun.os.patch.level" value="Service Pack 1"/>
    <property name="sun.cpu.endian" value="little"/>
    <property name="M2_HOME" value="C:\Program Files\apache-maven-3.3.3"/>
    <property name="java.io.tmpdir" value="C:\Users\RROOTS~1\AppData\Local\Temp\"/>
    <property name="OS" value="Windows_NT"/>
    <property name="HUDSON_HOME" value="C:\Users\rrootshell\.jenkins"/>
    <property name="PATH+MAVEN" value="C:\Program Files\apache-maven-3.3.3/bin"/>
    <property name="ProgramFiles(x86)" value="C:\Program Files (x86)"/>
    <property name="BUILD_URL" value="http://localhost:8080/jenkins/job/sc.com-search/2/"/>
    <property name="java.vendor.url.bug" value="http://bugreport.sun.com/bugreport/"/>
    <property name="java.awt.graphicsenv" value="sun.awt.Win32GraphicsEnvironment"/>
    <property name="os.arch" value="amd64"/>
    <property name="SystemRoot" value="C:\Windows"/>
    <property name="windows_tracing_flags" value="3"/>
    <property name="java.ext.dirs" value="C:\Program Files\Java\jdk1.8.0_45\jre\lib\ext;C:\Windows\Sun\Java\lib\ext"/>
    <property name="user.dir" value="F:\work\ide\EclipseMarsWorkspace\search"/>
    <property name="JOB_URL" value="http://localhost:8080/jenkins/job/sc.com-search/"/>
    <property name="LOGONSERVER" value="\\RROOTSHELL1"/>
    <property name="JAMES_HOME" value="C:\Project\work\james-2.3.2"/>
    <property name="USERDOMAIN" value="rrootshell1"/>
    <property name="line.separator" value="&#10;"/>
    <property name="MAVEN_HOME" value="C:\Program Files\apache-maven-3.3.3"/>
    <property name="java.vm.name" value="Java HotSpot(TM) 64-Bit Server VM"/>
    <property name="BUILD_NUMBER" value="2"/>
    <property name="JENKINS_URL" value="http://localhost:8080/jenkins/"/>
    <property name="PROCESSOR_REVISION" value="2a07"/>
    <property name="ProgramW6432" value="C:\Program Files"/>
    <property name="windir" value="C:\Windows"/>
    <property name="file.encoding" value="Cp1252"/>
    <property name="SystemDrive" value="C:"/>
    <property name="maven3.interceptor" value="C:\Users\rrootshell\.jenkins\plugins\maven-plugin\WEB-INF\lib\maven31-interceptor-1.5.jar"/>
    <property name="WORKSPACE" value="C:\Users\rrootshell\.jenkins\jobs\sc.com-search\workspace"/>
    <property name="maven3.interceptor.common" value="C:\Users\rrootshell\.jenkins\plugins\maven-plugin\WEB-INF\lib\maven3-interceptor-commons-1.5.jar"/>
    <property name="java.specification.version" value="1.8"/>
    <property name="PSModulePath" value="C:\Windows\system32\WindowsPowerShell\v1.0\Modules\"/>
  </properties>
  <testcase name="ShowResult" classname="com.sample.SearchTest" time="16.707"/>
</testsuite>