<?xml version="1.0" encoding="UTF-8"?>
<!-- Generated by org.testng.reporters.JUnitReportReporter -->
<testsuite hostname="rrootshell1" name="com.sample.SearchTest" tests="1" failures="0" timestamp="24 Nov 2015 10:46:56 GMT" time="16.708" errors="0">
  <testcase name="ShowResult" time="16.708" classname="com.sample.SearchTest"/>
</testsuite>
